<?xml version="1.0" encoding="UTF-8"?>
<!-- Generated by org.testng.reporters.JUnitReportReporter -->
<testsuite hostname="LAXMANREDDY" failures="0" tests="1" name="driverFactory.appTest" time="19.160" errors="0" timestamp="2024-01-31T12:23:37 IST" skipped="0">
  <testcase classname="driverFactory.appTest" name="kickstart" time="19.160"/>
</testsuite> <!-- driverFactory.appTest -->
